  [4;36;1mSQL (1.0ms)[0m   [0;1mSET SQL_AUTO_IS_NULL=0[0m


Processing CoursesController#index (for 127.0.0.1 at 2009-08-16 18:37:30) [GET]
  [4;35;1mCourse Load (5.0ms)[0m   [0mSELECT * FROM `courses` [0m
Rendering template within layouts/courses
Rendering courses/index
Completed in 467ms (View: 248, DB: 6) | 200 OK [http://localhost/courses]
  [4;36;1mSQL (1.0ms)[0m   [0;1mSET SQL_AUTO_IS_NULL=0[0m


Processing ApplicationController#index (for 127.0.0.1 at 2009-08-16 18:37:31) [GET]

ActionController::RoutingError (No route matches "/images/AOL.png" with {:method=>:get}):
  C:/Program Files/NetBeans 6.7.1/ruby2/jruby-1.2.0/lib/ruby/1.8/webrick/httpserver.rb:104:in `service'
  C:/Program Files/NetBeans 6.7.1/ruby2/jruby-1.2.0/lib/ruby/1.8/webrick/httpserver.rb:65:in `run'
  C:/Program Files/NetBeans 6.7.1/ruby2/jruby-1.2.0/lib/ruby/1.8/webrick/server.rb:173:in `start_thread'
  :1:in `start'

Rendering rescues/layout (not_found)
  [4;35;1mSQL (1.0ms)[0m   [0mSET SQL_AUTO_IS_NULL=0[0m


Processing CourseSchedulesController#index (for 127.0.0.1 at 2009-08-16 18:37:34) [GET]
  Parameters: {"course_id"=>"2"}
  [4;36;1mCourse Load (1.0ms)[0m   [0;1mSELECT * FROM `courses` WHERE (`courses`.`id` = 2) [0m
Rendering template within layouts/course_schedules
Rendering course_schedules/index
  [4;35;1mCourseSchedule Load (0.0ms)[0m   [0mSELECT * FROM `course_schedules` WHERE (`course_schedules`.course_id = 2) [0m
Completed in 89ms (View: 34, DB: 2) | 200 OK [http://localhost/courses/2/course_schedules]
  [4;36;1mSQL (1.0ms)[0m   [0;1mSET SQL_AUTO_IS_NULL=0[0m


Processing ApplicationController#index (for 127.0.0.1 at 2009-08-16 18:37:34) [GET]

ActionController::RoutingError (No route matches "/images/AOL.png" with {:method=>:get}):
  C:/Program Files/NetBeans 6.7.1/ruby2/jruby-1.2.0/lib/ruby/1.8/webrick/httpserver.rb:104:in `service'
  C:/Program Files/NetBeans 6.7.1/ruby2/jruby-1.2.0/lib/ruby/1.8/webrick/httpserver.rb:65:in `run'
  C:/Program Files/NetBeans 6.7.1/ruby2/jruby-1.2.0/lib/ruby/1.8/webrick/server.rb:173:in `start_thread'
  :1:in `start'

Rendering rescues/layout (not_found)
  [4;35;1mSQL (1.0ms)[0m   [0mSET SQL_AUTO_IS_NULL=0[0m


Processing ApplicationController#index (for 127.0.0.1 at 2009-08-16 18:37:36) [POST]
  Parameters: {"authenticity_token"=>"codmXs4ewNn8597EXn9RYWTeEkZwVv4KDOybATGneIQ="}

ActionController::MethodNotAllowed (Only get, put, and delete requests are allowed.):
  C:/Program Files/NetBeans 6.7.1/ruby2/jruby-1.2.0/lib/ruby/1.8/webrick/httpserver.rb:104:in `service'
  C:/Program Files/NetBeans 6.7.1/ruby2/jruby-1.2.0/lib/ruby/1.8/webrick/httpserver.rb:65:in `run'
  C:/Program Files/NetBeans 6.7.1/ruby2/jruby-1.2.0/lib/ruby/1.8/webrick/server.rb:173:in `start_thread'
  :1:in `start'

Rendered rescues/_trace (66.0ms)
Rendered rescues/_request_and_response (14.0ms)
Rendering rescues/layout (method_not_allowed)
  [4;36;1mSQL (0.0ms)[0m   [0;1mSET SQL_AUTO_IS_NULL=0[0m


Processing UsersController#index (for 127.0.0.1 at 2009-08-16 18:37:47) [GET]
  [4;35;1mUser Load (0.0ms)[0m   [0mActiveRecord::ActiveRecordError: Table 'aolscapp_development.users' doesn't exist: SELECT * FROM `users` [0m

ActiveRecord::StatementInvalid (ActiveRecord::ActiveRecordError: Table 'aolscapp_development.users' doesn't exist: SELECT * FROM `users` ):
  C:/Program Files/NetBeans 6.7.1/ruby2/jruby-1.2.0/lib/ruby/gems/1.8/gems/activerecord-jdbc-adapter-0.9.1/lib/active_record/connection_adapters/jdbc_adapter.rb:563:in `execute'
  C:/Program Files/NetBeans 6.7.1/ruby2/jruby-1.2.0/lib/ruby/gems/1.8/gems/activerecord-jdbc-adapter-0.9.1/lib/active_record/connection_adapters/jdbc_adapter.rb:623:in `select'
  C:/Program Files/NetBeans 6.7.1/ruby2/jruby-1.2.0/lib/ruby/gems/1.8/gems/activerecord-jdbc-adapter-0.9.1/lib/active_record/connection_adapters/jdbc_adapter.rb:548:in `jdbc_select_all'
  app/controllers/users_controller.rb:5:in `index'
  C:/Program Files/NetBeans 6.7.1/ruby2/jruby-1.2.0/lib/ruby/1.8/webrick/httpserver.rb:104:in `service'
  C:/Program Files/NetBeans 6.7.1/ruby2/jruby-1.2.0/lib/ruby/1.8/webrick/httpserver.rb:65:in `run'
  C:/Program Files/NetBeans 6.7.1/ruby2/jruby-1.2.0/lib/ruby/1.8/webrick/server.rb:173:in `start_thread'
  :1:in `start'

Rendered rescues/_trace (48.0ms)
Rendered rescues/_request_and_response (1.0ms)
Rendering rescues/layout (internal_server_error)
  [4;36;1mSQL (1.0ms)[0m   [0;1mSET SQL_AUTO_IS_NULL=0[0m
  [4;35;1mSQL (2.0ms)[0m   [0mSELECT version FROM schema_migrations[0m
Migrating to CreateMembers (20090613195127)
Migrating to CreateCourses (20090801201050)
Migrating to CreateCourseSchedules (20090801225903)
Migrating to CreateMemberCourses (20090801230228)
Migrating to CreateMemberCourseInterests (20090801230410)
Migrating to CreateMemberGeneralFeedbacks (20090801230650)
Migrating to CreateMemberPersonalInfos (20090801230938)
Migrating to CreateUsers (20090804035327)
  [4;36;1mSQL (5.0ms)[0m   [0;1mCREATE TABLE `users` (`id` int(11) DEFAULT NULL auto_increment PRIMARY KEY, `memberid` integer(10), `username` varchar(255), `password` varchar(255), `updateby` varchar(255), `created_at` datetime, `updated_at` datetime) ENGINE=InnoDB CHARACTER SET `utf8`[0m
  [4;35;1mSQL (1.0ms)[0m   [0mINSERT INTO schema_migrations (version) VALUES ('20090804035327')[0m
Migrating to RemoveMemberidFromUser (20090812055409)
  [4;36;1mSQL (9.0ms)[0m   [0;1mALTER TABLE `users` DROP `memberid`[0m
  [4;35;1mSQL (2.0ms)[0m   [0mINSERT INTO schema_migrations (version) VALUES ('20090812055409')[0m
Migrating to AddMemberIdToUser (20090812055803)
  [4;36;1mSQL (11.0ms)[0m   [0;1mALTER TABLE `users` ADD `member_id` integer(10)[0m
  [4;35;1mSQL (1.0ms)[0m   [0mINSERT INTO schema_migrations (version) VALUES ('20090812055803')[0m
  [4;36;1mSQL (1.0ms)[0m   [0;1mSELECT version FROM schema_migrations[0m
  [4;36;1mSQL (1.0ms)[0m   [0;1mSET SQL_AUTO_IS_NULL=0[0m


Processing UsersController#index (for 127.0.0.1 at 2009-08-16 18:38:22) [GET]
  [4;35;1mUser Load (1.0ms)[0m   [0mSELECT * FROM `users` [0m
Rendering template within layouts/users
Rendering users/index
Completed in 55ms (View: 45, DB: 2) | 200 OK [http://localhost/users]
  [4;36;1mSQL (1.0ms)[0m   [0;1mSET SQL_AUTO_IS_NULL=0[0m


Processing ApplicationController#index (for 127.0.0.1 at 2009-08-16 18:38:22) [GET]

ActionController::RoutingError (No route matches "/images/AOL.png" with {:method=>:get}):
  C:/Program Files/NetBeans 6.7.1/ruby2/jruby-1.2.0/lib/ruby/1.8/webrick/httpserver.rb:104:in `service'
  C:/Program Files/NetBeans 6.7.1/ruby2/jruby-1.2.0/lib/ruby/1.8/webrick/httpserver.rb:65:in `run'
  C:/Program Files/NetBeans 6.7.1/ruby2/jruby-1.2.0/lib/ruby/1.8/webrick/server.rb:173:in `start_thread'
  :1:in `start'

Rendering rescues/layout (not_found)
  [4;35;1mSQL (1.0ms)[0m   [0mSET SQL_AUTO_IS_NULL=0[0m


Processing UsersController#new (for 127.0.0.1 at 2009-08-16 18:38:26) [POST]
  Parameters: {"authenticity_token"=>"codmXs4ewNn8597EXn9RYWTeEkZwVv4KDOybATGneIQ="}
Rendering template within layouts/users
Rendering users/new
Completed in 58ms (View: 31, DB: 1) | 200 OK [http://localhost/users/new]
  [4;36;1mSQL (2.0ms)[0m   [0;1mSET SQL_AUTO_IS_NULL=0[0m


Processing ApplicationController#index (for 127.0.0.1 at 2009-08-16 18:38:26) [GET]

ActionController::RoutingError (No route matches "/images/AOL.png" with {:method=>:get}):
  C:/Program Files/NetBeans 6.7.1/ruby2/jruby-1.2.0/lib/ruby/1.8/webrick/httpserver.rb:104:in `service'
  C:/Program Files/NetBeans 6.7.1/ruby2/jruby-1.2.0/lib/ruby/1.8/webrick/httpserver.rb:65:in `run'
  C:/Program Files/NetBeans 6.7.1/ruby2/jruby-1.2.0/lib/ruby/1.8/webrick/server.rb:173:in `start_thread'
  :1:in `start'

Rendering rescues/layout (not_found)
  [4;35;1mSQL (0.0ms)[0m   [0mSET SQL_AUTO_IS_NULL=0[0m


Processing MembersController#index (for 127.0.0.1 at 2009-08-16 18:38:32) [GET]
  [4;36;1mMember Load (1.0ms)[0m   [0;1mSELECT * FROM `members` [0m
Rendering template within layouts/members
Rendering members/index
Completed in 51ms (View: 43, DB: 1) | 200 OK [http://localhost/members]
  [4;35;1mSQL (0.0ms)[0m   [0mSET SQL_AUTO_IS_NULL=0[0m


Processing ApplicationController#index (for 127.0.0.1 at 2009-08-16 18:38:32) [GET]

ActionController::RoutingError (No route matches "/images/AOL.png" with {:method=>:get}):
  C:/Program Files/NetBeans 6.7.1/ruby2/jruby-1.2.0/lib/ruby/1.8/webrick/httpserver.rb:104:in `service'
  C:/Program Files/NetBeans 6.7.1/ruby2/jruby-1.2.0/lib/ruby/1.8/webrick/httpserver.rb:65:in `run'
  C:/Program Files/NetBeans 6.7.1/ruby2/jruby-1.2.0/lib/ruby/1.8/webrick/server.rb:173:in `start_thread'
  :1:in `start'

Rendering rescues/layout (not_found)
  [4;36;1mSQL (1.0ms)[0m   [0;1mSET SQL_AUTO_IS_NULL=0[0m


Processing CoursesController#index (for 127.0.0.1 at 2009-08-16 18:38:38) [GET]
  [4;35;1mCourse Load (1.0ms)[0m   [0mSELECT * FROM `courses` [0m
Rendering template within layouts/courses
Rendering courses/index
Completed in 43ms (View: 28, DB: 2) | 200 OK [http://localhost/courses]
  [4;36;1mSQL (0.0ms)[0m   [0;1mSET SQL_AUTO_IS_NULL=0[0m


Processing ApplicationController#index (for 127.0.0.1 at 2009-08-16 18:38:38) [GET]

ActionController::RoutingError (No route matches "/images/AOL.png" with {:method=>:get}):
  C:/Program Files/NetBeans 6.7.1/ruby2/jruby-1.2.0/lib/ruby/1.8/webrick/httpserver.rb:104:in `service'
  C:/Program Files/NetBeans 6.7.1/ruby2/jruby-1.2.0/lib/ruby/1.8/webrick/httpserver.rb:65:in `run'
  C:/Program Files/NetBeans 6.7.1/ruby2/jruby-1.2.0/lib/ruby/1.8/webrick/server.rb:173:in `start_thread'
  :1:in `start'

Rendering rescues/layout (not_found)
  [4;35;1mSQL (0.0ms)[0m   [0mSET SQL_AUTO_IS_NULL=0[0m


Processing MembersController#index (for 127.0.0.1 at 2009-08-16 18:38:43) [GET]
  [4;36;1mMember Load (0.0ms)[0m   [0;1mSELECT * FROM `members` [0m
Rendering template within layouts/members
Rendering members/index
Completed in 20ms (View: 11, DB: 0) | 200 OK [http://localhost/members]
  [4;35;1mSQL (1.0ms)[0m   [0mSET SQL_AUTO_IS_NULL=0[0m


Processing ApplicationController#index (for 127.0.0.1 at 2009-08-16 18:38:44) [GET]

ActionController::RoutingError (No route matches "/images/AOL.png" with {:method=>:get}):
  C:/Program Files/NetBeans 6.7.1/ruby2/jruby-1.2.0/lib/ruby/1.8/webrick/httpserver.rb:104:in `service'
  C:/Program Files/NetBeans 6.7.1/ruby2/jruby-1.2.0/lib/ruby/1.8/webrick/httpserver.rb:65:in `run'
  C:/Program Files/NetBeans 6.7.1/ruby2/jruby-1.2.0/lib/ruby/1.8/webrick/server.rb:173:in `start_thread'
  :1:in `start'

Rendering rescues/layout (not_found)
  [4;36;1mSQL (0.0ms)[0m   [0;1mSET SQL_AUTO_IS_NULL=0[0m


Processing MembersController#index (for 127.0.0.1 at 2009-08-16 18:40:17) [GET]
  [4;35;1mMember Load (1.0ms)[0m   [0mSELECT * FROM `members` [0m
Rendering template within layouts/members
Rendering members/index
Completed in 40ms (View: 26, DB: 1) | 200 OK [http://localhost/members]
  [4;36;1mSQL (1.0ms)[0m   [0;1mSET SQL_AUTO_IS_NULL=0[0m


Processing ApplicationController#index (for 127.0.0.1 at 2009-08-16 18:40:17) [GET]

ActionController::RoutingError (No route matches "/images/AOL.png" with {:method=>:get}):
  C:/Program Files/NetBeans 6.7.1/ruby2/jruby-1.2.0/lib/ruby/1.8/webrick/httpserver.rb:104:in `service'
  C:/Program Files/NetBeans 6.7.1/ruby2/jruby-1.2.0/lib/ruby/1.8/webrick/httpserver.rb:65:in `run'
  C:/Program Files/NetBeans 6.7.1/ruby2/jruby-1.2.0/lib/ruby/1.8/webrick/server.rb:173:in `start_thread'
  :1:in `start'

Rendering rescues/layout (not_found)
  [4;35;1mSQL (0.0ms)[0m   [0mSET SQL_AUTO_IS_NULL=0[0m


Processing CoursesController#index (for 127.0.0.1 at 2009-08-16 18:40:19) [GET]
  [4;36;1mCourse Load (1.0ms)[0m   [0;1mSELECT * FROM `courses` [0m
Rendering template within layouts/courses
Rendering courses/index
Completed in 52ms (View: 43, DB: 1) | 200 OK [http://localhost/courses]
  [4;35;1mSQL (1.0ms)[0m   [0mSET SQL_AUTO_IS_NULL=0[0m


Processing ApplicationController#index (for 127.0.0.1 at 2009-08-16 18:40:20) [GET]

ActionController::RoutingError (No route matches "/images/AOL.png" with {:method=>:get}):
  C:/Program Files/NetBeans 6.7.1/ruby2/jruby-1.2.0/lib/ruby/1.8/webrick/httpserver.rb:104:in `service'
  C:/Program Files/NetBeans 6.7.1/ruby2/jruby-1.2.0/lib/ruby/1.8/webrick/httpserver.rb:65:in `run'
  C:/Program Files/NetBeans 6.7.1/ruby2/jruby-1.2.0/lib/ruby/1.8/webrick/server.rb:173:in `start_thread'
  :1:in `start'

Rendering rescues/layout (not_found)
  [4;36;1mSQL (0.0ms)[0m   [0;1mSET SQL_AUTO_IS_NULL=0[0m


Processing MembersController#index (for 127.0.0.1 at 2009-08-16 18:40:23) [GET]
  [4;35;1mMember Load (0.0ms)[0m   [0mSELECT * FROM `members` [0m
Rendering template within layouts/members
Rendering members/index
Completed in 23ms (View: 11, DB: 0) | 200 OK [http://localhost/members]
  [4;36;1mSQL (0.0ms)[0m   [0;1mSET SQL_AUTO_IS_NULL=0[0m


Processing ApplicationController#index (for 127.0.0.1 at 2009-08-16 18:40:23) [GET]

ActionController::RoutingError (No route matches "/images/AOL.png" with {:method=>:get}):
  C:/Program Files/NetBeans 6.7.1/ruby2/jruby-1.2.0/lib/ruby/1.8/webrick/httpserver.rb:104:in `service'
  C:/Program Files/NetBeans 6.7.1/ruby2/jruby-1.2.0/lib/ruby/1.8/webrick/httpserver.rb:65:in `run'
  C:/Program Files/NetBeans 6.7.1/ruby2/jruby-1.2.0/lib/ruby/1.8/webrick/server.rb:173:in `start_thread'
  :1:in `start'

Rendering rescues/layout (not_found)
  [4;36;1mSQL (1.0ms)[0m   [0;1mSET SQL_AUTO_IS_NULL=0[0m
  [4;35;1mSQL (5.0ms)[0m   [0mCREATE TABLE `schema_migrations` (`version` varchar(255) NOT NULL) ENGINE=InnoDB CHARACTER SET `utf8`[0m
  [4;36;1mSQL (10.0ms)[0m   [0;1mCREATE UNIQUE INDEX `unique_schema_migrations` ON `schema_migrations` (`version`)[0m
  [4;35;1mSQL (2.0ms)[0m   [0mSELECT version FROM schema_migrations[0m
Migrating to CreateMembers (20090613195127)
  [4;36;1mSQL (5.0ms)[0m   [0;1mCREATE TABLE `members` (`id` int(11) DEFAULT NULL auto_increment PRIMARY KEY, `name` varchar(255), `email` varchar(255), `phone` varchar(255), `created_at` datetime, `updated_at` datetime) ENGINE=InnoDB CHARACTER SET `utf8`[0m
  [4;35;1mSQL (2.0ms)[0m   [0mINSERT INTO schema_migrations (version) VALUES ('20090613195127')[0m
Migrating to CreateCourses (20090801201050)
  [4;36;1mSQL (6.0ms)[0m   [0;1mCREATE TABLE `courses` (`id` int(11) DEFAULT NULL auto_increment PRIMARY KEY, `name` varchar(255), `displayName` varchar(255), `deleted` varchar(255), `created_at` datetime, `updated_at` datetime) ENGINE=InnoDB CHARACTER SET `utf8`[0m
  [4;35;1mSQL (1.0ms)[0m   [0mINSERT INTO schema_migrations (version) VALUES ('20090801201050')[0m
Migrating to CreateCourseSchedules (20090801225903)
  [4;36;1mSQL (5.0ms)[0m   [0;1mCREATE TABLE `course_schedules` (`id` int(11) DEFAULT NULL auto_increment PRIMARY KEY, `course_id` varchar(255), `displayname` varchar(255), `center_id` integer(10), `start_date` datetime, `end_date` datetime, `location_name` varchar(255), `address1` varchar(255), `address2` varchar(255), `city` varchar(255), `state` varchar(255), `country` varchar(255), `teacher_name` varchar(255), `deleted` varchar(255), `created_at` datetime, `updated_at` datetime) ENGINE=InnoDB CHARACTER SET `utf8`[0m
  [4;35;1mSQL (3.0ms)[0m   [0mINSERT INTO schema_migrations (version) VALUES ('20090801225903')[0m
Migrating to CreateMemberCourses (20090801230228)
  [4;36;1mSQL (6.0ms)[0m   [0;1mCREATE TABLE `member_courses` (`id` int(11) DEFAULT NULL auto_increment PRIMARY KEY, `member_id` integer(10), `course_schedule_id` integer(10), `start_date` date, `end_date` date, `deleted` varchar(255), `created_at` datetime, `updated_at` datetime) ENGINE=InnoDB CHARACTER SET `utf8`[0m
  [4;35;1mSQL (1.0ms)[0m   [0mINSERT INTO schema_migrations (version) VALUES ('20090801230228')[0m
Migrating to CreateMemberCourseInterests (20090801230410)
  [4;36;1mSQL (7.0ms)[0m   [0;1mCREATE TABLE `member_course_interests` (`id` int(11) DEFAULT NULL auto_increment PRIMARY KEY, `member_id` integer(10), `course_id` integer(10), `interest_date` date, `deleted` varchar(255), `created_at` datetime, `updated_at` datetime) ENGINE=InnoDB CHARACTER SET `utf8`[0m
  [4;35;1mSQL (1.0ms)[0m   [0mINSERT INTO schema_migrations (version) VALUES ('20090801230410')[0m
Migrating to CreateMemberGeneralFeedbacks (20090801230650)
  [4;36;1mSQL (5.0ms)[0m   [0;1mCREATE TABLE `member_general_feedbacks` (`id` int(11) DEFAULT NULL auto_increment PRIMARY KEY, `member_id` integer(10), `feedback` varchar(255), `feedback_date` date, `deleted` varchar(255), `created_at` datetime, `updated_at` datetime) ENGINE=InnoDB CHARACTER SET `utf8`[0m
  [4;35;1mSQL (0.0ms)[0m   [0mINSERT INTO schema_migrations (version) VALUES ('20090801230650')[0m
Migrating to CreateMemberPersonalInfos (20090801230938)
  [4;36;1mSQL (7.0ms)[0m   [0;1mCREATE TABLE `member_personal_infos` (`id` int(11) DEFAULT NULL auto_increment PRIMARY KEY, `member_id` integer(10), `gender` varchar(255), `agetype` varchar(255), `address1` varchar(255), `address2` varchar(255), `city` varchar(255), `state` varchar(255), `zip` integer(10), `country` varchar(255), `homephone` varchar(255), `cellphone` varchar(255), `employer` varchar(255), `profession` varchar(255), `deleted` varchar(255), `created_at` datetime, `updated_at` datetime) ENGINE=InnoDB CHARACTER SET `utf8`[0m
  [4;35;1mSQL (0.0ms)[0m   [0mINSERT INTO schema_migrations (version) VALUES ('20090801230938')[0m
Migrating to CreateUsers (20090804035327)
  [4;36;1mSQL (7.0ms)[0m   [0;1mCREATE TABLE `users` (`id` int(11) DEFAULT NULL auto_increment PRIMARY KEY, `memberid` integer(10), `username` varchar(255), `password` varchar(255), `updateby` varchar(255), `created_at` datetime, `updated_at` datetime) ENGINE=InnoDB CHARACTER SET `utf8`[0m
  [4;35;1mSQL (1.0ms)[0m   [0mINSERT INTO schema_migrations (version) VALUES ('20090804035327')[0m
Migrating to RemoveMemberidFromUser (20090812055409)
  [4;36;1mSQL (10.0ms)[0m   [0;1mALTER TABLE `users` DROP `memberid`[0m
  [4;35;1mSQL (1.0ms)[0m   [0mINSERT INTO schema_migrations (version) VALUES ('20090812055409')[0m
Migrating to AddMemberIdToUser (20090812055803)
  [4;36;1mSQL (11.0ms)[0m   [0;1mALTER TABLE `users` ADD `member_id` integer(10)[0m
  [4;35;1mSQL (2.0ms)[0m   [0mINSERT INTO schema_migrations (version) VALUES ('20090812055803')[0m
  [4;36;1mSQL (2.0ms)[0m   [0;1mSELECT version FROM schema_migrations[0m
  [4;36;1mSQL (1.0ms)[0m   [0;1mSET SQL_AUTO_IS_NULL=0[0m


Processing MembersController#index (for 127.0.0.1 at 2009-08-22 13:30:49) [GET]
  [4;35;1mMember Load (3.0ms)[0m   [0mSELECT * FROM `members` [0m
Rendering template within layouts/members
Rendering members/index
Completed in 271ms (View: 257, DB: 4) | 200 OK [http://localhost/members]
  [4;36;1mSQL (3.0ms)[0m   [0;1mSET SQL_AUTO_IS_NULL=0[0m


Processing ApplicationController#index (for 127.0.0.1 at 2009-08-22 13:30:51) [GET]

ActionController::RoutingError (No route matches "/images/AOL.png" with {:method=>:get}):
  C:/Program Files/NetBeans 6.7.1/ruby2/jruby-1.2.0/lib/ruby/1.8/webrick/httpserver.rb:104:in `service'
  C:/Program Files/NetBeans 6.7.1/ruby2/jruby-1.2.0/lib/ruby/1.8/webrick/httpserver.rb:65:in `run'
  C:/Program Files/NetBeans 6.7.1/ruby2/jruby-1.2.0/lib/ruby/1.8/webrick/server.rb:173:in `start_thread'
  :1:in `start'

Rendering rescues/layout (not_found)
  [4;35;1mSQL (0.0ms)[0m   [0mSET SQL_AUTO_IS_NULL=0[0m


Processing CoursesController#index (for 127.0.0.1 at 2009-08-22 13:30:53) [GET]
  [4;36;1mCourse Load (1.0ms)[0m   [0;1mSELECT * FROM `courses` [0m
Rendering template within layouts/courses
Rendering courses/index
Completed in 70ms (View: 40, DB: 1) | 200 OK [http://localhost/courses]
  [4;35;1mSQL (1.0ms)[0m   [0mSET SQL_AUTO_IS_NULL=0[0m


Processing ApplicationController#index (for 127.0.0.1 at 2009-08-22 13:30:53) [GET]

ActionController::RoutingError (No route matches "/images/AOL.png" with {:method=>:get}):
  C:/Program Files/NetBeans 6.7.1/ruby2/jruby-1.2.0/lib/ruby/1.8/webrick/httpserver.rb:104:in `service'
  C:/Program Files/NetBeans 6.7.1/ruby2/jruby-1.2.0/lib/ruby/1.8/webrick/httpserver.rb:65:in `run'
  C:/Program Files/NetBeans 6.7.1/ruby2/jruby-1.2.0/lib/ruby/1.8/webrick/server.rb:173:in `start_thread'
  :1:in `start'

Rendering rescues/layout (not_found)
  [4;36;1mSQL (0.0ms)[0m   [0;1mSET SQL_AUTO_IS_NULL=0[0m


Processing CoursesController#new (for 127.0.0.1 at 2009-08-22 13:30:55) [POST]
  Parameters: {"authenticity_token"=>"cr3Yi4mgSc2ygfIgHuZZyGCv9V2rn6YY7jtblfF6W/4="}
Rendering template within layouts/courses
Rendering courses/new
Completed in 64ms (View: 35, DB: 0) | 200 OK [http://localhost/courses/new]
  [4;35;1mSQL (2.0ms)[0m   [0mSET SQL_AUTO_IS_NULL=0[0m


Processing ApplicationController#index (for 127.0.0.1 at 2009-08-22 13:30:55) [GET]

ActionController::RoutingError (No route matches "/images/AOL.png" with {:method=>:get}):
  C:/Program Files/NetBeans 6.7.1/ruby2/jruby-1.2.0/lib/ruby/1.8/webrick/httpserver.rb:104:in `service'
  C:/Program Files/NetBeans 6.7.1/ruby2/jruby-1.2.0/lib/ruby/1.8/webrick/httpserver.rb:65:in `run'
  C:/Program Files/NetBeans 6.7.1/ruby2/jruby-1.2.0/lib/ruby/1.8/webrick/server.rb:173:in `start_thread'
  :1:in `start'

Rendering rescues/layout (not_found)
  [4;36;1mSQL (0.0ms)[0m   [0;1mSET SQL_AUTO_IS_NULL=0[0m


Processing CoursesController#create (for 127.0.0.1 at 2009-08-22 13:31:00) [POST]
  Parameters: {"authenticity_token"=>"cr3Yi4mgSc2ygfIgHuZZyGCv9V2rn6YY7jtblfF6W/4=", "course"=>{"name"=>"part-1", "displayName"=>"part-1"}, "commit"=>"Create"}
  [4;35;1mSQL (3.0ms)[0m   [0mINSERT INTO `courses` (`name`, `displayName`, `deleted`, `created_at`, `updated_at`) VALUES('part-1', 'part-1', NULL, '2009-08-22 20:31:00', '2009-08-22 20:31:00')[0m
Redirected to http://localhost:3000/courses/1
Completed in 56ms (DB: 3) | 302 Found [http://localhost/courses]
  [4;36;1mSQL (0.0ms)[0m   [0;1mSET SQL_AUTO_IS_NULL=0[0m


Processing CoursesController#show (for 127.0.0.1 at 2009-08-22 13:31:00) [GET]
  Parameters: {"id"=>"1"}
  [4;35;1mCourse Load (4.0ms)[0m   [0mSELECT * FROM `courses` WHERE (`courses`.`id` = 1) [0m
Rendering template within layouts/courses
Rendering courses/show

ActionView::TemplateError (You have a nil object when you didn't expect it!
You might have expected an instance of Array.
The error occurred while evaluating nil.each) on line #51 of app/views/courses/show.html.erb.bak:
48:     <td width="200"><b>MemberId</b></td>
49:     <td width="100"><b>Updated By</b></td>
50:   </tr>
51: <% for user in @users -%>
52:   <tr>
53:     <td><%= user.username %></td>
54:     <td><%=h user.memberid %></td>

    app/views/courses/show.html.erb.bak:51
    app/controllers/courses_controller.rb:18:in `show'
    C:/Program Files/NetBeans 6.7.1/ruby2/jruby-1.2.0/lib/ruby/1.8/webrick/httpserver.rb:104:in `service'
    C:/Program Files/NetBeans 6.7.1/ruby2/jruby-1.2.0/lib/ruby/1.8/webrick/httpserver.rb:65:in `run'
    C:/Program Files/NetBeans 6.7.1/ruby2/jruby-1.2.0/lib/ruby/1.8/webrick/server.rb:173:in `start_thread'
    :1:in `start'

Rendered rescues/_trace (94.0ms)
Rendered rescues/_request_and_response (17.0ms)
Rendering rescues/layout (internal_server_error)
  [4;36;1mSQL (1.0ms)[0m   [0;1mSET SQL_AUTO_IS_NULL=0[0m


Processing CoursesController#create (for 127.0.0.1 at 2009-08-22 13:31:44) [POST]
  Parameters: {"authenticity_token"=>"cr3Yi4mgSc2ygfIgHuZZyGCv9V2rn6YY7jtblfF6W/4=", "course"=>{"name"=>"part-1", "displayName"=>"part-1"}, "commit"=>"Create"}
  [4;35;1mSQL (1.0ms)[0m   [0mINSERT INTO `courses` (`name`, `displayName`, `deleted`, `created_at`, `updated_at`) VALUES('part-1', 'part-1', NULL, '2009-08-22 20:31:44', '2009-08-22 20:31:44')[0m
Redirected to http://localhost:3000/courses/2
Completed in 49ms (DB: 2) | 302 Found [http://localhost/courses]
  [4;36;1mSQL (0.0ms)[0m   [0;1mSET SQL_AUTO_IS_NULL=0[0m


Processing CoursesController#show (for 127.0.0.1 at 2009-08-22 13:31:44) [GET]
  Parameters: {"id"=>"2"}
  [4;35;1mCourse Load (0.0ms)[0m   [0mSELECT * FROM `courses` WHERE (`courses`.`id` = 2) [0m
Rendering template within layouts/courses
Rendering courses/show

ActionView::TemplateError (You have a nil object when you didn't expect it!
You might have expected an instance of Array.
The error occurred while evaluating nil.each) on line #51 of app/views/courses/show.html.erb.bak:
48:     <td width="200"><b>MemberId</b></td>
49:     <td width="100"><b>Updated By</b></td>
50:   </tr>
51: <% for user in @users -%>
52:   <tr>
53:     <td><%= user.username %></td>
54:     <td><%=h user.memberid %></td>

    app/views/courses/show.html.erb.bak:51
    app/controllers/courses_controller.rb:18:in `show'
    C:/Program Files/NetBeans 6.7.1/ruby2/jruby-1.2.0/lib/ruby/1.8/webrick/httpserver.rb:104:in `service'
    C:/Program Files/NetBeans 6.7.1/ruby2/jruby-1.2.0/lib/ruby/1.8/webrick/httpserver.rb:65:in `run'
    C:/Program Files/NetBeans 6.7.1/ruby2/jruby-1.2.0/lib/ruby/1.8/webrick/server.rb:173:in `start_thread'
    :1:in `start'

Rendered rescues/_trace (48.0ms)
Rendered rescues/_request_and_response (1.0ms)
Rendering rescues/layout (internal_server_error)
  [4;36;1mSQL (2.0ms)[0m   [0;1mSET SQL_AUTO_IS_NULL=0[0m


Processing MembersController#index (for 127.0.0.1 at 2009-08-22 14:04:54) [GET]
  [4;35;1mMember Load (2.0ms)[0m   [0mSELECT * FROM `members` [0m
Rendering template within layouts/members
Rendering members/index
Completed in 262ms (View: 250, DB: 4) | 200 OK [http://localhost/members]
  [4;36;1mSQL (0.0ms)[0m   [0;1mSET SQL_AUTO_IS_NULL=0[0m


Processing ApplicationController#index (for 127.0.0.1 at 2009-08-22 14:04:56) [GET]

ActionController::RoutingError (No route matches "/images/AOL.png" with {:method=>:get}):
  C:/Program Files/NetBeans 6.7.1/ruby2/jruby-1.2.0/lib/ruby/1.8/webrick/httpserver.rb:104:in `service'
  C:/Program Files/NetBeans 6.7.1/ruby2/jruby-1.2.0/lib/ruby/1.8/webrick/httpserver.rb:65:in `run'
  C:/Program Files/NetBeans 6.7.1/ruby2/jruby-1.2.0/lib/ruby/1.8/webrick/server.rb:173:in `start_thread'
  :1:in `start'

Rendering rescues/layout (not_found)
  [4;35;1mSQL (0.0ms)[0m   [0mSET SQL_AUTO_IS_NULL=0[0m


Processing CoursesController#index (for 127.0.0.1 at 2009-08-22 14:04:57) [GET]
  [4;36;1mCourse Load (4.0ms)[0m   [0;1mSELECT * FROM `courses` [0m
Rendering template within layouts/courses
Rendering courses/index
Completed in 90ms (View: 59, DB: 4) | 200 OK [http://localhost/courses]
  [4;35;1mSQL (0.0ms)[0m   [0mSET SQL_AUTO_IS_NULL=0[0m


Processing ApplicationController#index (for 127.0.0.1 at 2009-08-22 14:04:58) [GET]

ActionController::RoutingError (No route matches "/images/AOL.png" with {:method=>:get}):
  C:/Program Files/NetBeans 6.7.1/ruby2/jruby-1.2.0/lib/ruby/1.8/webrick/httpserver.rb:104:in `service'
  C:/Program Files/NetBeans 6.7.1/ruby2/jruby-1.2.0/lib/ruby/1.8/webrick/httpserver.rb:65:in `run'
  C:/Program Files/NetBeans 6.7.1/ruby2/jruby-1.2.0/lib/ruby/1.8/webrick/server.rb:173:in `start_thread'
  :1:in `start'

Rendering rescues/layout (not_found)
  [4;36;1mSQL (0.0ms)[0m   [0;1mSET SQL_AUTO_IS_NULL=0[0m


Processing CoursesController#new (for 127.0.0.1 at 2009-08-22 14:04:59) [POST]
  Parameters: {"authenticity_token"=>"cr3Yi4mgSc2ygfIgHuZZyGCv9V2rn6YY7jtblfF6W/4="}
Rendering template within layouts/courses
Rendering courses/new
Completed in 59ms (View: 40, DB: 0) | 200 OK [http://localhost/courses/new]
  [4;35;1mSQL (0.0ms)[0m   [0mSET SQL_AUTO_IS_NULL=0[0m


Processing ApplicationController#index (for 127.0.0.1 at 2009-08-22 14:04:59) [GET]

ActionController::RoutingError (No route matches "/images/AOL.png" with {:method=>:get}):
  C:/Program Files/NetBeans 6.7.1/ruby2/jruby-1.2.0/lib/ruby/1.8/webrick/httpserver.rb:104:in `service'
  C:/Program Files/NetBeans 6.7.1/ruby2/jruby-1.2.0/lib/ruby/1.8/webrick/httpserver.rb:65:in `run'
  C:/Program Files/NetBeans 6.7.1/ruby2/jruby-1.2.0/lib/ruby/1.8/webrick/server.rb:173:in `start_thread'
  :1:in `start'

Rendering rescues/layout (not_found)
  [4;36;1mSQL (1.0ms)[0m   [0;1mSET SQL_AUTO_IS_NULL=0[0m


Processing CoursesController#create (for 127.0.0.1 at 2009-08-22 14:05:10) [POST]
  Parameters: {"authenticity_token"=>"cr3Yi4mgSc2ygfIgHuZZyGCv9V2rn6YY7jtblfF6W/4=", "course"=>{"name"=>"part-ii", "displayName"=>"part-ii"}, "commit"=>"Create"}
  [4;35;1mSQL (1.0ms)[0m   [0mINSERT INTO `courses` (`name`, `displayName`, `deleted`, `created_at`, `updated_at`) VALUES('part-ii', 'part-ii', NULL, '2009-08-22 21:05:10', '2009-08-22 21:05:10')[0m
Redirected to http://localhost:3000/courses/3
Completed in 65ms (DB: 2) | 302 Found [http://localhost/courses]
  [4;36;1mSQL (0.0ms)[0m   [0;1mSET SQL_AUTO_IS_NULL=0[0m


Processing CoursesController#show (for 127.0.0.1 at 2009-08-22 14:05:10) [GET]
  Parameters: {"id"=>"3"}
  [4;35;1mCourse Load (1.0ms)[0m   [0mSELECT * FROM `courses` WHERE (`courses`.`id` = 3) [0m
Rendering template within layouts/courses
Rendering courses/show

ActionView::TemplateError (You have a nil object when you didn't expect it!
You might have expected an instance of Array.
The error occurred while evaluating nil.each) on line #51 of app/views/courses/show.html.erb.bak:
48:     <td width="200"><b>MemberId</b></td>
49:     <td width="100"><b>Updated By</b></td>
50:   </tr>
51: <% for user in @users -%>
52:   <tr>
53:     <td><%= user.username %></td>
54:     <td><%=h user.memberid %></td>

    app/views/courses/show.html.erb.bak:51
    app/controllers/courses_controller.rb:18:in `show'
    C:/Program Files/NetBeans 6.7.1/ruby2/jruby-1.2.0/lib/ruby/1.8/webrick/httpserver.rb:104:in `service'
    C:/Program Files/NetBeans 6.7.1/ruby2/jruby-1.2.0/lib/ruby/1.8/webrick/httpserver.rb:65:in `run'
    C:/Program Files/NetBeans 6.7.1/ruby2/jruby-1.2.0/lib/ruby/1.8/webrick/server.rb:173:in `start_thread'
    :1:in `start'

Rendered rescues/_trace (99.0ms)
Rendered rescues/_request_and_response (15.0ms)
Rendering rescues/layout (internal_server_error)
  [4;36;1mSQL (0.0ms)[0m   [0;1mSET SQL_AUTO_IS_NULL=0[0m


Processing CoursesController#create (for 127.0.0.1 at 2009-08-22 14:05:36) [POST]
  Parameters: {"authenticity_token"=>"cr3Yi4mgSc2ygfIgHuZZyGCv9V2rn6YY7jtblfF6W/4=", "course"=>{"name"=>"part-ii", "displayName"=>"part-ii"}, "commit"=>"Create"}
  [4;35;1mSQL (1.0ms)[0m   [0mINSERT INTO `courses` (`name`, `displayName`, `deleted`, `created_at`, `updated_at`) VALUES('part-ii', 'part-ii', NULL, '2009-08-22 21:05:36', '2009-08-22 21:05:36')[0m
Redirected to http://localhost:3000/courses/4
Completed in 51ms (DB: 1) | 302 Found [http://localhost/courses]
  [4;36;1mSQL (1.0ms)[0m   [0;1mSET SQL_AUTO_IS_NULL=0[0m


Processing CoursesController#show (for 127.0.0.1 at 2009-08-22 14:05:36) [GET]
  Parameters: {"id"=>"4"}
  [4;35;1mCourse Load (1.0ms)[0m   [0mSELECT * FROM `courses` WHERE (`courses`.`id` = 4) [0m

ActionView::MissingTemplate (Missing template courses/show.erb in view path app/views):
  app/controllers/courses_controller.rb:18:in `show'
  C:/Program Files/NetBeans 6.7.1/ruby2/jruby-1.2.0/lib/ruby/1.8/webrick/httpserver.rb:104:in `service'
  C:/Program Files/NetBeans 6.7.1/ruby2/jruby-1.2.0/lib/ruby/1.8/webrick/httpserver.rb:65:in `run'
  C:/Program Files/NetBeans 6.7.1/ruby2/jruby-1.2.0/lib/ruby/1.8/webrick/server.rb:173:in `start_thread'
  :1:in `start'

Rendering rescues/layout (internal_server_error)
  [4;36;1mSQL (0.0ms)[0m   [0;1mSET SQL_AUTO_IS_NULL=0[0m


Processing CoursesController#index (for 127.0.0.1 at 2009-08-22 14:06:03) [GET]
  [4;35;1mCourse Load (2.0ms)[0m   [0mSELECT * FROM `courses` [0m
Rendering template within layouts/courses
Rendering courses/index
Completed in 53ms (View: 37, DB: 2) | 200 OK [http://localhost/courses]
  [4;36;1mSQL (0.0ms)[0m   [0;1mSET SQL_AUTO_IS_NULL=0[0m


Processing ApplicationController#index (for 127.0.0.1 at 2009-08-22 14:06:03) [GET]

ActionController::RoutingError (No route matches "/images/AOL.png" with {:method=>:get}):
  C:/Program Files/NetBeans 6.7.1/ruby2/jruby-1.2.0/lib/ruby/1.8/webrick/httpserver.rb:104:in `service'
  C:/Program Files/NetBeans 6.7.1/ruby2/jruby-1.2.0/lib/ruby/1.8/webrick/httpserver.rb:65:in `run'
  C:/Program Files/NetBeans 6.7.1/ruby2/jruby-1.2.0/lib/ruby/1.8/webrick/server.rb:173:in `start_thread'
  :1:in `start'

Rendering rescues/layout (not_found)
  [4;35;1mSQL (0.0ms)[0m   [0mSET SQL_AUTO_IS_NULL=0[0m


Processing CoursesController#new (for 127.0.0.1 at 2009-08-22 14:06:31) [POST]
  Parameters: {"authenticity_token"=>"cr3Yi4mgSc2ygfIgHuZZyGCv9V2rn6YY7jtblfF6W/4="}
Rendering template within layouts/courses
Rendering courses/new
Completed in 45ms (View: 22, DB: 0) | 200 OK [http://localhost/courses/new]
  [4;36;1mSQL (0.0ms)[0m   [0;1mSET SQL_AUTO_IS_NULL=0[0m


Processing ApplicationController#index (for 127.0.0.1 at 2009-08-22 14:06:31) [GET]

ActionController::RoutingError (No route matches "/images/AOL.png" with {:method=>:get}):
  C:/Program Files/NetBeans 6.7.1/ruby2/jruby-1.2.0/lib/ruby/1.8/webrick/httpserver.rb:104:in `service'
  C:/Program Files/NetBeans 6.7.1/ruby2/jruby-1.2.0/lib/ruby/1.8/webrick/httpserver.rb:65:in `run'
  C:/Program Files/NetBeans 6.7.1/ruby2/jruby-1.2.0/lib/ruby/1.8/webrick/server.rb:173:in `start_thread'
  :1:in `start'

Rendering rescues/layout (not_found)
  [4;35;1mSQL (0.0ms)[0m   [0mSET SQL_AUTO_IS_NULL=0[0m


Processing CoursesController#create (for 127.0.0.1 at 2009-08-22 14:06:58) [POST]
  Parameters: {"authenticity_token"=>"cr3Yi4mgSc2ygfIgHuZZyGCv9V2rn6YY7jtblfF6W/4=", "course"=>{"name"=>"adv", "displayName"=>"adv"}, "commit"=>"Create"}
  [4;36;1mSQL (1.0ms)[0m   [0;1mINSERT INTO `courses` (`name`, `displayName`, `deleted`, `created_at`, `updated_at`) VALUES('adv', 'adv', NULL, '2009-08-22 21:06:58', '2009-08-22 21:06:58')[0m
Redirected to http://localhost:3000/courses/5
Completed in 69ms (DB: 1) | 302 Found [http://localhost/courses]
  [4;35;1mSQL (0.0ms)[0m   [0mSET SQL_AUTO_IS_NULL=0[0m


Processing CoursesController#show (for 127.0.0.1 at 2009-08-22 14:06:58) [GET]
  Parameters: {"id"=>"5"}
  [4;36;1mCourse Load (1.0ms)[0m   [0;1mSELECT * FROM `courses` WHERE (`courses`.`id` = 5) [0m
Rendering template within layouts/courses
Rendering courses/show
Completed in 38ms (View: 22, DB: 1) | 200 OK [http://localhost/courses/5]
  [4;35;1mSQL (1.0ms)[0m   [0mSET SQL_AUTO_IS_NULL=0[0m


Processing ApplicationController#index (for 127.0.0.1 at 2009-08-22 14:06:58) [GET]

ActionController::RoutingError (No route matches "/images/AOL.png" with {:method=>:get}):
  C:/Program Files/NetBeans 6.7.1/ruby2/jruby-1.2.0/lib/ruby/1.8/webrick/httpserver.rb:104:in `service'
  C:/Program Files/NetBeans 6.7.1/ruby2/jruby-1.2.0/lib/ruby/1.8/webrick/httpserver.rb:65:in `run'
  C:/Program Files/NetBeans 6.7.1/ruby2/jruby-1.2.0/lib/ruby/1.8/webrick/server.rb:173:in `start_thread'
  :1:in `start'

Rendering rescues/layout (not_found)
  [4;36;1mSQL (0.0ms)[0m   [0;1mSET SQL_AUTO_IS_NULL=0[0m


Processing CoursesController#index (for 127.0.0.1 at 2009-08-22 14:07:04) [GET]
  [4;35;1mCourse Load (1.0ms)[0m   [0mSELECT * FROM `courses` [0m
Rendering template within layouts/courses
Rendering courses/index
Completed in 41ms (View: 21, DB: 1) | 200 OK [http://localhost/courses]
  [4;36;1mSQL (0.0ms)[0m   [0;1mSET SQL_AUTO_IS_NULL=0[0m


Processing ApplicationController#index (for 127.0.0.1 at 2009-08-22 14:07:04) [GET]

ActionController::RoutingError (No route matches "/images/AOL.png" with {:method=>:get}):
  C:/Program Files/NetBeans 6.7.1/ruby2/jruby-1.2.0/lib/ruby/1.8/webrick/httpserver.rb:104:in `service'
  C:/Program Files/NetBeans 6.7.1/ruby2/jruby-1.2.0/lib/ruby/1.8/webrick/httpserver.rb:65:in `run'
  C:/Program Files/NetBeans 6.7.1/ruby2/jruby-1.2.0/lib/ruby/1.8/webrick/server.rb:173:in `start_thread'
  :1:in `start'

Rendering rescues/layout (not_found)
  [4;35;1mSQL (1.0ms)[0m   [0mSET SQL_AUTO_IS_NULL=0[0m


Processing CourseSchedulesController#index (for 127.0.0.1 at 2009-08-22 14:07:07) [GET]
  Parameters: {"course_id"=>"5"}
  [4;36;1mCourse Load (2.0ms)[0m   [0;1mSELECT * FROM `courses` WHERE (`courses`.`id` = 5) [0m
Rendering template within layouts/course_schedules
Rendering course_schedules/index
  [4;35;1mCourseSchedule Load (1.0ms)[0m   [0mSELECT * FROM `course_schedules` WHERE (`course_schedules`.course_id = 5) [0m
Completed in 82ms (View: 51, DB: 4) | 200 OK [http://localhost/courses/5/course_schedules]
  [4;36;1mSQL (0.0ms)[0m   [0;1mSET SQL_AUTO_IS_NULL=0[0m


Processing ApplicationController#index (for 127.0.0.1 at 2009-08-22 14:07:07) [GET]

ActionController::RoutingError (No route matches "/images/AOL.png" with {:method=>:get}):
  C:/Program Files/NetBeans 6.7.1/ruby2/jruby-1.2.0/lib/ruby/1.8/webrick/httpserver.rb:104:in `service'
  C:/Program Files/NetBeans 6.7.1/ruby2/jruby-1.2.0/lib/ruby/1.8/webrick/httpserver.rb:65:in `run'
  C:/Program Files/NetBeans 6.7.1/ruby2/jruby-1.2.0/lib/ruby/1.8/webrick/server.rb:173:in `start_thread'
  :1:in `start'

Rendering rescues/layout (not_found)
  [4;35;1mSQL (1.0ms)[0m   [0mSET SQL_AUTO_IS_NULL=0[0m


Processing CourseSchedulesController#new (for 127.0.0.1 at 2009-08-22 14:07:08) [POST]
  Parameters: {"authenticity_token"=>"cr3Yi4mgSc2ygfIgHuZZyGCv9V2rn6YY7jtblfF6W/4=", "id"=>"5"}
Rendering template within layouts/course_schedules
Rendering course_schedules/new
Completed in 74ms (View: 54, DB: 1) | 200 OK [http://localhost/course_schedules/new/5]
  [4;36;1mSQL (0.0ms)[0m   [0;1mSET SQL_AUTO_IS_NULL=0[0m


Processing ApplicationController#index (for 127.0.0.1 at 2009-08-22 14:07:08) [GET]

ActionController::RoutingError (No route matches "/images/AOL.png" with {:method=>:get}):
  C:/Program Files/NetBeans 6.7.1/ruby2/jruby-1.2.0/lib/ruby/1.8/webrick/httpserver.rb:104:in `service'
  C:/Program Files/NetBeans 6.7.1/ruby2/jruby-1.2.0/lib/ruby/1.8/webrick/httpserver.rb:65:in `run'
  C:/Program Files/NetBeans 6.7.1/ruby2/jruby-1.2.0/lib/ruby/1.8/webrick/server.rb:173:in `start_thread'
  :1:in `start'

Rendering rescues/layout (not_found)
  [4;35;1mSQL (0.0ms)[0m   [0mSET SQL_AUTO_IS_NULL=0[0m


Processing CourseSchedulesController#create (for 127.0.0.1 at 2009-08-22 14:07:38) [POST]
  Parameters: {"authenticity_token"=>"cr3Yi4mgSc2ygfIgHuZZyGCv9V2rn6YY7jtblfF6W/4=", "course_schedule"=>{"course_id"=>"5", "displayname"=>"sch", "center_id"=>"", "start_date"=>"", "end_date"=>"", "location_name"=>"sc", "address1"=>"", "address2"=>"", "city"=>"", "state"=>"", "country"=>"", "teacher_name"=>"", "deleted"=>""}, "commit"=>"Submit", "course_id"=>"5"}
  [4;36;1mCourse Load (2.0ms)[0m   [0;1mSELECT * FROM `courses` WHERE (`courses`.`id` = 5) [0m
  [4;35;1mSQL (0.0ms)[0m   [0mINSERT INTO `course_schedules` (`course_id`, `displayname`, `center_id`, `start_date`, `end_date`, `location_name`, `address1`, `address2`, `city`, `state`, `country`, `teacher_name`, `deleted`, `created_at`, `updated_at`) VALUES(5, 'sch', NULL, NULL, NULL, 'sc', '', '', '', '', '', '', '', '2009-08-22 21:07:38', '2009-08-22 21:07:38')[0m
Redirected to http://localhost:3000/course_schedules/1
Completed in 130ms (DB: 2) | 302 Found [http://localhost/courses/5/course_schedules]
  [4;36;1mSQL (1.0ms)[0m   [0;1mSET SQL_AUTO_IS_NULL=0[0m


Processing CourseSchedulesController#show (for 127.0.0.1 at 2009-08-22 14:07:38) [GET]
  Parameters: {"id"=>"1"}
  [4;35;1mCourseSchedule Load (1.0ms)[0m   [0mSELECT * FROM `course_schedules` WHERE (`course_schedules`.`id` = 1) [0m
Rendering template within layouts/course_schedules
Rendering course_schedules/show
Completed in 45ms (View: 28, DB: 2) | 200 OK [http://localhost/course_schedules/1]
  [4;36;1mSQL (0.0ms)[0m   [0;1mSET SQL_AUTO_IS_NULL=0[0m


Processing ApplicationController#index (for 127.0.0.1 at 2009-08-22 14:07:39) [GET]

ActionController::RoutingError (No route matches "/images/AOL.png" with {:method=>:get}):
  C:/Program Files/NetBeans 6.7.1/ruby2/jruby-1.2.0/lib/ruby/1.8/webrick/httpserver.rb:104:in `service'
  C:/Program Files/NetBeans 6.7.1/ruby2/jruby-1.2.0/lib/ruby/1.8/webrick/httpserver.rb:65:in `run'
  C:/Program Files/NetBeans 6.7.1/ruby2/jruby-1.2.0/lib/ruby/1.8/webrick/server.rb:173:in `start_thread'
  :1:in `start'

Rendering rescues/layout (not_found)
  [4;35;1mSQL (0.0ms)[0m   [0mSET SQL_AUTO_IS_NULL=0[0m


Processing CourseSchedulesController#index (for 127.0.0.1 at 2009-08-22 14:07:42) [GET]
  Parameters: {"course_id"=>"5"}
  [4;36;1mCourse Load (1.0ms)[0m   [0;1mSELECT * FROM `courses` WHERE (`courses`.`id` = 5) [0m
Rendering template within layouts/course_schedules
Rendering course_schedules/index
  [4;35;1mCourseSchedule Load (1.0ms)[0m   [0mSELECT * FROM `course_schedules` WHERE (`course_schedules`.course_id = 5) [0m
Completed in 51ms (View: 24, DB: 2) | 200 OK [http://localhost/courses/5/course_schedules]
  [4;36;1mSQL (0.0ms)[0m   [0;1mSET SQL_AUTO_IS_NULL=0[0m


Processing ApplicationController#index (for 127.0.0.1 at 2009-08-22 14:07:42) [GET]

ActionController::RoutingError (No route matches "/images/AOL.png" with {:method=>:get}):
  C:/Program Files/NetBeans 6.7.1/ruby2/jruby-1.2.0/lib/ruby/1.8/webrick/httpserver.rb:104:in `service'
  C:/Program Files/NetBeans 6.7.1/ruby2/jruby-1.2.0/lib/ruby/1.8/webrick/httpserver.rb:65:in `run'
  C:/Program Files/NetBeans 6.7.1/ruby2/jruby-1.2.0/lib/ruby/1.8/webrick/server.rb:173:in `start_thread'
  :1:in `start'

Rendering rescues/layout (not_found)
  [4;35;1mSQL (0.0ms)[0m   [0mSET SQL_AUTO_IS_NULL=0[0m


Processing MembersController#index (for 127.0.0.1 at 2009-08-22 14:07:53) [GET]
  [4;36;1mMember Load (0.0ms)[0m   [0;1mSELECT * FROM `members` [0m
Rendering template within layouts/members
Rendering members/index
Completed in 25ms (View: 13, DB: 0) | 200 OK [http://localhost/members]
  [4;35;1mSQL (1.0ms)[0m   [0mSET SQL_AUTO_IS_NULL=0[0m


Processing ApplicationController#index (for 127.0.0.1 at 2009-08-22 14:07:53) [GET]

ActionController::RoutingError (No route matches "/images/AOL.png" with {:method=>:get}):
  C:/Program Files/NetBeans 6.7.1/ruby2/jruby-1.2.0/lib/ruby/1.8/webrick/httpserver.rb:104:in `service'
  C:/Program Files/NetBeans 6.7.1/ruby2/jruby-1.2.0/lib/ruby/1.8/webrick/httpserver.rb:65:in `run'
  C:/Program Files/NetBeans 6.7.1/ruby2/jruby-1.2.0/lib/ruby/1.8/webrick/server.rb:173:in `start_thread'
  :1:in `start'

Rendering rescues/layout (not_found)
  [4;36;1mSQL (1.0ms)[0m   [0;1mSET SQL_AUTO_IS_NULL=0[0m


Processing CoursesController#index (for 127.0.0.1 at 2009-08-22 14:07:54) [GET]
  [4;35;1mCourse Load (2.0ms)[0m   [0mSELECT * FROM `courses` [0m
Rendering template within layouts/courses
Rendering courses/index
Completed in 46ms (View: 21, DB: 3) | 200 OK [http://localhost/courses]
  [4;36;1mSQL (0.0ms)[0m   [0;1mSET SQL_AUTO_IS_NULL=0[0m


Processing ApplicationController#index (for 127.0.0.1 at 2009-08-22 14:07:54) [GET]

ActionController::RoutingError (No route matches "/images/AOL.png" with {:method=>:get}):
  C:/Program Files/NetBeans 6.7.1/ruby2/jruby-1.2.0/lib/ruby/1.8/webrick/httpserver.rb:104:in `service'
  C:/Program Files/NetBeans 6.7.1/ruby2/jruby-1.2.0/lib/ruby/1.8/webrick/httpserver.rb:65:in `run'
  C:/Program Files/NetBeans 6.7.1/ruby2/jruby-1.2.0/lib/ruby/1.8/webrick/server.rb:173:in `start_thread'
  :1:in `start'

Rendering rescues/layout (not_found)
  [4;35;1mSQL (0.0ms)[0m   [0mSET SQL_AUTO_IS_NULL=0[0m


Processing MembersController#index (for 127.0.0.1 at 2009-08-22 14:07:55) [GET]
  [4;36;1mMember Load (1.0ms)[0m   [0;1mSELECT * FROM `members` [0m
Rendering template within layouts/members
Rendering members/index
Completed in 16ms (View: 9, DB: 1) | 200 OK [http://localhost/members]
  [4;35;1mSQL (1.0ms)[0m   [0mSET SQL_AUTO_IS_NULL=0[0m


Processing ApplicationController#index (for 127.0.0.1 at 2009-08-22 14:07:55) [GET]

ActionController::RoutingError (No route matches "/images/AOL.png" with {:method=>:get}):
  C:/Program Files/NetBeans 6.7.1/ruby2/jruby-1.2.0/lib/ruby/1.8/webrick/httpserver.rb:104:in `service'
  C:/Program Files/NetBeans 6.7.1/ruby2/jruby-1.2.0/lib/ruby/1.8/webrick/httpserver.rb:65:in `run'
  C:/Program Files/NetBeans 6.7.1/ruby2/jruby-1.2.0/lib/ruby/1.8/webrick/server.rb:173:in `start_thread'
  :1:in `start'

Rendering rescues/layout (not_found)
  [4;36;1mSQL (1.0ms)[0m   [0;1mSET SQL_AUTO_IS_NULL=0[0m


Processing UsersController#index (for 127.0.0.1 at 2009-08-22 14:07:56) [GET]
  [4;35;1mUser Load (1.0ms)[0m   [0mSELECT * FROM `users` [0m
Rendering template within layouts/users
Rendering users/index
Completed in 51ms (View: 36, DB: 2) | 200 OK [http://localhost/users]
  [4;36;1mSQL (0.0ms)[0m   [0;1mSET SQL_AUTO_IS_NULL=0[0m


Processing ApplicationController#index (for 127.0.0.1 at 2009-08-22 14:07:56) [GET]

ActionController::RoutingError (No route matches "/images/AOL.png" with {:method=>:get}):
  C:/Program Files/NetBeans 6.7.1/ruby2/jruby-1.2.0/lib/ruby/1.8/webrick/httpserver.rb:104:in `service'
  C:/Program Files/NetBeans 6.7.1/ruby2/jruby-1.2.0/lib/ruby/1.8/webrick/httpserver.rb:65:in `run'
  C:/Program Files/NetBeans 6.7.1/ruby2/jruby-1.2.0/lib/ruby/1.8/webrick/server.rb:173:in `start_thread'
  :1:in `start'

Rendering rescues/layout (not_found)
  [4;35;1mSQL (0.0ms)[0m   [0mSET SQL_AUTO_IS_NULL=0[0m


Processing MembersController#index (for 127.0.0.1 at 2009-08-22 14:07:58) [GET]
  [4;36;1mMember Load (1.0ms)[0m   [0;1mSELECT * FROM `members` [0m
Rendering template within layouts/members
Rendering members/index
Completed in 18ms (View: 10, DB: 1) | 200 OK [http://localhost/members]
  [4;35;1mSQL (0.0ms)[0m   [0mSET SQL_AUTO_IS_NULL=0[0m


Processing ApplicationController#index (for 127.0.0.1 at 2009-08-22 14:07:58) [GET]

ActionController::RoutingError (No route matches "/images/AOL.png" with {:method=>:get}):
  C:/Program Files/NetBeans 6.7.1/ruby2/jruby-1.2.0/lib/ruby/1.8/webrick/httpserver.rb:104:in `service'
  C:/Program Files/NetBeans 6.7.1/ruby2/jruby-1.2.0/lib/ruby/1.8/webrick/httpserver.rb:65:in `run'
  C:/Program Files/NetBeans 6.7.1/ruby2/jruby-1.2.0/lib/ruby/1.8/webrick/server.rb:173:in `start_thread'
  :1:in `start'

Rendering rescues/layout (not_found)
  [4;36;1mSQL (0.0ms)[0m   [0;1mSET SQL_AUTO_IS_NULL=0[0m


Processing MembersController#index (for 127.0.0.1 at 2009-08-22 14:08:10) [GET]
  [4;35;1mMember Load (1.0ms)[0m   [0mSELECT * FROM `members` [0m
Rendering template within layouts/members
Rendering members/index
Completed in 19ms (View: 11, DB: 1) | 200 OK [http://localhost/members]
  [4;36;1mSQL (0.0ms)[0m   [0;1mSET SQL_AUTO_IS_NULL=0[0m


Processing ApplicationController#index (for 127.0.0.1 at 2009-08-22 14:08:10) [GET]

ActionController::RoutingError (No route matches "/images/AOL.png" with {:method=>:get}):
  C:/Program Files/NetBeans 6.7.1/ruby2/jruby-1.2.0/lib/ruby/1.8/webrick/httpserver.rb:104:in `service'
  C:/Program Files/NetBeans 6.7.1/ruby2/jruby-1.2.0/lib/ruby/1.8/webrick/httpserver.rb:65:in `run'
  C:/Program Files/NetBeans 6.7.1/ruby2/jruby-1.2.0/lib/ruby/1.8/webrick/server.rb:173:in `start_thread'
  :1:in `start'

Rendering rescues/layout (not_found)
  [4;35;1mSQL (0.0ms)[0m   [0mSET SQL_AUTO_IS_NULL=0[0m


Processing MembersController#index (for 127.0.0.1 at 2009-08-22 14:08:12) [GET]
  [4;36;1mMember Load (0.0ms)[0m   [0;1mSELECT * FROM `members` [0m
Rendering template within layouts/members
Rendering members/index
Completed in 17ms (View: 8, DB: 0) | 200 OK [http://localhost/members]
  [4;35;1mSQL (0.0ms)[0m   [0mSET SQL_AUTO_IS_NULL=0[0m


Processing ApplicationController#index (for 127.0.0.1 at 2009-08-22 14:08:13) [GET]

ActionController::RoutingError (No route matches "/images/AOL.png" with {:method=>:get}):
  C:/Program Files/NetBeans 6.7.1/ruby2/jruby-1.2.0/lib/ruby/1.8/webrick/httpserver.rb:104:in `service'
  C:/Program Files/NetBeans 6.7.1/ruby2/jruby-1.2.0/lib/ruby/1.8/webrick/httpserver.rb:65:in `run'
  C:/Program Files/NetBeans 6.7.1/ruby2/jruby-1.2.0/lib/ruby/1.8/webrick/server.rb:173:in `start_thread'
  :1:in `start'

Rendering rescues/layout (not_found)
  [4;36;1mSQL (0.0ms)[0m   [0;1mSET SQL_AUTO_IS_NULL=0[0m


Processing MembersController#index (for 127.0.0.1 at 2009-08-22 14:08:32) [GET]
  [4;35;1mMember Load (0.0ms)[0m   [0mSELECT * FROM `members` [0m
Rendering template within layouts/members
Rendering members/index
Completed in 17ms (View: 7, DB: 0) | 200 OK [http://localhost/members]
  [4;36;1mSQL (1.0ms)[0m   [0;1mSET SQL_AUTO_IS_NULL=0[0m


Processing ApplicationController#index (for 127.0.0.1 at 2009-08-22 14:08:32) [GET]

ActionController::RoutingError (No route matches "/images/AOL.png" with {:method=>:get}):
  C:/Program Files/NetBeans 6.7.1/ruby2/jruby-1.2.0/lib/ruby/1.8/webrick/httpserver.rb:104:in `service'
  C:/Program Files/NetBeans 6.7.1/ruby2/jruby-1.2.0/lib/ruby/1.8/webrick/httpserver.rb:65:in `run'
  C:/Program Files/NetBeans 6.7.1/ruby2/jruby-1.2.0/lib/ruby/1.8/webrick/server.rb:173:in `start_thread'
  :1:in `start'

Rendering rescues/layout (not_found)
  [4;35;1mSQL (0.0ms)[0m   [0mSET SQL_AUTO_IS_NULL=0[0m


Processing CoursesController#index (for 127.0.0.1 at 2009-08-22 14:08:34) [GET]
  [4;36;1mCourse Load (1.0ms)[0m   [0;1mSELECT * FROM `courses` [0m
Rendering template within layouts/courses
Rendering courses/index
Completed in 64ms (View: 50, DB: 1) | 200 OK [http://localhost/courses]
  [4;35;1mSQL (0.0ms)[0m   [0mSET SQL_AUTO_IS_NULL=0[0m


Processing ApplicationController#index (for 127.0.0.1 at 2009-08-22 14:08:35) [GET]

ActionController::RoutingError (No route matches "/images/AOL.png" with {:method=>:get}):
  C:/Program Files/NetBeans 6.7.1/ruby2/jruby-1.2.0/lib/ruby/1.8/webrick/httpserver.rb:104:in `service'
  C:/Program Files/NetBeans 6.7.1/ruby2/jruby-1.2.0/lib/ruby/1.8/webrick/httpserver.rb:65:in `run'
  C:/Program Files/NetBeans 6.7.1/ruby2/jruby-1.2.0/lib/ruby/1.8/webrick/server.rb:173:in `start_thread'
  :1:in `start'

Rendering rescues/layout (not_found)
  [4;36;1mSQL (0.0ms)[0m   [0;1mSET SQL_AUTO_IS_NULL=0[0m


Processing UsersController#index (for 127.0.0.1 at 2009-08-22 14:08:38) [GET]
  [4;35;1mUser Load (1.0ms)[0m   [0mSELECT * FROM `users` [0m
Rendering template within layouts/users
Rendering users/index
Completed in 18ms (View: 8, DB: 1) | 200 OK [http://localhost/users]
  [4;36;1mSQL (0.0ms)[0m   [0;1mSET SQL_AUTO_IS_NULL=0[0m


Processing ApplicationController#index (for 127.0.0.1 at 2009-08-22 14:08:38) [GET]

ActionController::RoutingError (No route matches "/images/AOL.png" with {:method=>:get}):
  C:/Program Files/NetBeans 6.7.1/ruby2/jruby-1.2.0/lib/ruby/1.8/webrick/httpserver.rb:104:in `service'
  C:/Program Files/NetBeans 6.7.1/ruby2/jruby-1.2.0/lib/ruby/1.8/webrick/httpserver.rb:65:in `run'
  C:/Program Files/NetBeans 6.7.1/ruby2/jruby-1.2.0/lib/ruby/1.8/webrick/server.rb:173:in `start_thread'
  :1:in `start'

Rendering rescues/layout (not_found)
  [4;35;1mSQL (0.0ms)[0m   [0mSET SQL_AUTO_IS_NULL=0[0m


Processing UsersController#new (for 127.0.0.1 at 2009-08-22 14:08:40) [POST]
  Parameters: {"authenticity_token"=>"cr3Yi4mgSc2ygfIgHuZZyGCv9V2rn6YY7jtblfF6W/4="}
Rendering template within layouts/users
Rendering users/new
Completed in 36ms (View: 22, DB: 0) | 200 OK [http://localhost/users/new]
  [4;36;1mSQL (1.0ms)[0m   [0;1mSET SQL_AUTO_IS_NULL=0[0m


Processing ApplicationController#index (for 127.0.0.1 at 2009-08-22 14:08:40) [GET]

ActionController::RoutingError (No route matches "/images/AOL.png" with {:method=>:get}):
  C:/Program Files/NetBeans 6.7.1/ruby2/jruby-1.2.0/lib/ruby/1.8/webrick/httpserver.rb:104:in `service'
  C:/Program Files/NetBeans 6.7.1/ruby2/jruby-1.2.0/lib/ruby/1.8/webrick/httpserver.rb:65:in `run'
  C:/Program Files/NetBeans 6.7.1/ruby2/jruby-1.2.0/lib/ruby/1.8/webrick/server.rb:173:in `start_thread'
  :1:in `start'

Rendering rescues/layout (not_found)
  [4;35;1mSQL (0.0ms)[0m   [0mSET SQL_AUTO_IS_NULL=0[0m


Processing UsersController#create (for 127.0.0.1 at 2009-08-22 14:09:54) [POST]
  Parameters: {"authenticity_token"=>"cr3Yi4mgSc2ygfIgHuZZyGCv9V2rn6YY7jtblfF6W/4=", "user"=>{"member_id"=>"hh", "username"=>"vv", "password"=>"sec", "updateby"=>""}, "commit"=>"Create"}
  [4;36;1mSQL (1.0ms)[0m   [0;1mINSERT INTO `users` (`username`, `password`, `updateby`, `created_at`, `updated_at`, `member_id`) VALUES('vv', 'sec', '', '2009-08-22 21:09:54', '2009-08-22 21:09:54', 0)[0m
Redirected to http://localhost:3000/users/1
Completed in 35ms (DB: 1) | 302 Found [http://localhost/users]
  [4;35;1mSQL (0.0ms)[0m   [0mSET SQL_AUTO_IS_NULL=0[0m


Processing UsersController#show (for 127.0.0.1 at 2009-08-22 14:09:54) [GET]
  Parameters: {"id"=>"1"}
  [4;36;1mUser Load (1.0ms)[0m   [0;1mSELECT * FROM `users` [0m
Rendering template within layouts/users
Rendering users/show
Completed in 40ms (View: 31, DB: 1) | 200 OK [http://localhost/users/1]
  [4;35;1mSQL (1.0ms)[0m   [0mSET SQL_AUTO_IS_NULL=0[0m


Processing ApplicationController#index (for 127.0.0.1 at 2009-08-22 14:09:55) [GET]

ActionController::RoutingError (No route matches "/images/AOL.png" with {:method=>:get}):
  C:/Program Files/NetBeans 6.7.1/ruby2/jruby-1.2.0/lib/ruby/1.8/webrick/httpserver.rb:104:in `service'
  C:/Program Files/NetBeans 6.7.1/ruby2/jruby-1.2.0/lib/ruby/1.8/webrick/httpserver.rb:65:in `run'
  C:/Program Files/NetBeans 6.7.1/ruby2/jruby-1.2.0/lib/ruby/1.8/webrick/server.rb:173:in `start_thread'
  :1:in `start'

Rendering rescues/layout (not_found)
  [4;36;1mSQL (1.0ms)[0m   [0;1mSET SQL_AUTO_IS_NULL=0[0m


Processing UsersController#new (for 127.0.0.1 at 2009-08-22 14:09:59) [POST]
  Parameters: {"authenticity_token"=>"cr3Yi4mgSc2ygfIgHuZZyGCv9V2rn6YY7jtblfF6W/4="}
Rendering template within layouts/users
Rendering users/new
Completed in 36ms (View: 16, DB: 1) | 200 OK [http://localhost/users/new]
  [4;35;1mSQL (0.0ms)[0m   [0mSET SQL_AUTO_IS_NULL=0[0m


Processing ApplicationController#index (for 127.0.0.1 at 2009-08-22 14:09:59) [GET]

ActionController::RoutingError (No route matches "/images/AOL.png" with {:method=>:get}):
  C:/Program Files/NetBeans 6.7.1/ruby2/jruby-1.2.0/lib/ruby/1.8/webrick/httpserver.rb:104:in `service'
  C:/Program Files/NetBeans 6.7.1/ruby2/jruby-1.2.0/lib/ruby/1.8/webrick/httpserver.rb:65:in `run'
  C:/Program Files/NetBeans 6.7.1/ruby2/jruby-1.2.0/lib/ruby/1.8/webrick/server.rb:173:in `start_thread'
  :1:in `start'

Rendering rescues/layout (not_found)
  [4;36;1mSQL (0.0ms)[0m   [0;1mSET SQL_AUTO_IS_NULL=0[0m


Processing UsersController#index (for 127.0.0.1 at 2009-08-22 14:10:01) [GET]
  [4;35;1mUser Load (1.0ms)[0m   [0mSELECT * FROM `users` [0m
Rendering template within layouts/users
Rendering users/index
Completed in 28ms (View: 19, DB: 1) | 200 OK [http://localhost/users]
  [4;36;1mSQL (0.0ms)[0m   [0;1mSET SQL_AUTO_IS_NULL=0[0m


Processing ApplicationController#index (for 127.0.0.1 at 2009-08-22 14:10:01) [GET]

ActionController::RoutingError (No route matches "/images/AOL.png" with {:method=>:get}):
  C:/Program Files/NetBeans 6.7.1/ruby2/jruby-1.2.0/lib/ruby/1.8/webrick/httpserver.rb:104:in `service'
  C:/Program Files/NetBeans 6.7.1/ruby2/jruby-1.2.0/lib/ruby/1.8/webrick/httpserver.rb:65:in `run'
  C:/Program Files/NetBeans 6.7.1/ruby2/jruby-1.2.0/lib/ruby/1.8/webrick/server.rb:173:in `start_thread'
  :1:in `start'

Rendering rescues/layout (not_found)
  [4;35;1mSQL (0.0ms)[0m   [0mSET SQL_AUTO_IS_NULL=0[0m


Processing CoursesController#index (for 127.0.0.1 at 2009-08-22 14:10:06) [GET]
  [4;36;1mCourse Load (1.0ms)[0m   [0;1mSELECT * FROM `courses` [0m
Rendering template within layouts/courses
Rendering courses/index
Completed in 26ms (View: 17, DB: 1) | 200 OK [http://localhost/courses]
  [4;35;1mSQL (1.0ms)[0m   [0mSET SQL_AUTO_IS_NULL=0[0m


Processing ApplicationController#index (for 127.0.0.1 at 2009-08-22 14:10:06) [GET]

ActionController::RoutingError (No route matches "/images/AOL.png" with {:method=>:get}):
  C:/Program Files/NetBeans 6.7.1/ruby2/jruby-1.2.0/lib/ruby/1.8/webrick/httpserver.rb:104:in `service'
  C:/Program Files/NetBeans 6.7.1/ruby2/jruby-1.2.0/lib/ruby/1.8/webrick/httpserver.rb:65:in `run'
  C:/Program Files/NetBeans 6.7.1/ruby2/jruby-1.2.0/lib/ruby/1.8/webrick/server.rb:173:in `start_thread'
  :1:in `start'

Rendering rescues/layout (not_found)
  [4;36;1mSQL (0.0ms)[0m   [0;1mSET SQL_AUTO_IS_NULL=0[0m


Processing CourseSchedulesController#index (for 127.0.0.1 at 2009-08-22 14:10:09) [GET]
  Parameters: {"course_id"=>"5"}
  [4;35;1mCourse Load (1.0ms)[0m   [0mSELECT * FROM `courses` WHERE (`courses`.`id` = 5) [0m
Rendering template within layouts/course_schedules
Rendering course_schedules/index
  [4;36;1mCourseSchedule Load (0.0ms)[0m   [0;1mSELECT * FROM `course_schedules` WHERE (`course_schedules`.course_id = 5) [0m
Completed in 55ms (View: 27, DB: 1) | 200 OK [http://localhost/courses/5/course_schedules]
  [4;35;1mSQL (0.0ms)[0m   [0mSET SQL_AUTO_IS_NULL=0[0m


Processing ApplicationController#index (for 127.0.0.1 at 2009-08-22 14:10:09) [GET]

ActionController::RoutingError (No route matches "/images/AOL.png" with {:method=>:get}):
  C:/Program Files/NetBeans 6.7.1/ruby2/jruby-1.2.0/lib/ruby/1.8/webrick/httpserver.rb:104:in `service'
  C:/Program Files/NetBeans 6.7.1/ruby2/jruby-1.2.0/lib/ruby/1.8/webrick/httpserver.rb:65:in `run'
  C:/Program Files/NetBeans 6.7.1/ruby2/jruby-1.2.0/lib/ruby/1.8/webrick/server.rb:173:in `start_thread'
  :1:in `start'

Rendering rescues/layout (not_found)
  [4;36;1mSQL (0.0ms)[0m   [0;1mSET SQL_AUTO_IS_NULL=0[0m


Processing CourseSchedulesController#index (for 127.0.0.1 at 2009-08-22 14:10:11) [GET]
  Parameters: {"course_id"=>"4"}
  [4;35;1mCourse Load (1.0ms)[0m   [0mSELECT * FROM `courses` WHERE (`courses`.`id` = 4) [0m
Rendering template within layouts/course_schedules
Rendering course_schedules/index
  [4;36;1mCourseSchedule Load (1.0ms)[0m   [0;1mSELECT * FROM `course_schedules` WHERE (`course_schedules`.course_id = 4) [0m
Completed in 32ms (View: 9, DB: 2) | 200 OK [http://localhost/courses/4/course_schedules]
  [4;35;1mSQL (0.0ms)[0m   [0mSET SQL_AUTO_IS_NULL=0[0m


Processing ApplicationController#index (for 127.0.0.1 at 2009-08-22 14:10:11) [GET]

ActionController::RoutingError (No route matches "/images/AOL.png" with {:method=>:get}):
  C:/Program Files/NetBeans 6.7.1/ruby2/jruby-1.2.0/lib/ruby/1.8/webrick/httpserver.rb:104:in `service'
  C:/Program Files/NetBeans 6.7.1/ruby2/jruby-1.2.0/lib/ruby/1.8/webrick/httpserver.rb:65:in `run'
  C:/Program Files/NetBeans 6.7.1/ruby2/jruby-1.2.0/lib/ruby/1.8/webrick/server.rb:173:in `start_thread'
  :1:in `start'

Rendering rescues/layout (not_found)
  [4;36;1mSQL (0.0ms)[0m   [0;1mSET SQL_AUTO_IS_NULL=0[0m


Processing MembersController#index (for 127.0.0.1 at 2009-08-22 14:10:14) [GET]
  [4;35;1mMember Load (1.0ms)[0m   [0mSELECT * FROM `members` [0m
Rendering template within layouts/members
Rendering members/index
Completed in 22ms (View: 12, DB: 1) | 200 OK [http://localhost/members]
  [4;36;1mSQL (0.0ms)[0m   [0;1mSET SQL_AUTO_IS_NULL=0[0m


Processing ApplicationController#index (for 127.0.0.1 at 2009-08-22 14:10:14) [GET]

ActionController::RoutingError (No route matches "/images/AOL.png" with {:method=>:get}):
  C:/Program Files/NetBeans 6.7.1/ruby2/jruby-1.2.0/lib/ruby/1.8/webrick/httpserver.rb:104:in `service'
  C:/Program Files/NetBeans 6.7.1/ruby2/jruby-1.2.0/lib/ruby/1.8/webrick/httpserver.rb:65:in `run'
  C:/Program Files/NetBeans 6.7.1/ruby2/jruby-1.2.0/lib/ruby/1.8/webrick/server.rb:173:in `start_thread'
  :1:in `start'

Rendering rescues/layout (not_found)
  [4;35;1mSQL (0.0ms)[0m   [0mSET SQL_AUTO_IS_NULL=0[0m


Processing CoursesController#index (for 127.0.0.1 at 2009-08-22 14:10:17) [GET]
  [4;36;1mCourse Load (1.0ms)[0m   [0;1mSELECT * FROM `courses` [0m
Rendering template within layouts/courses
Rendering courses/index
Completed in 30ms (View: 20, DB: 1) | 200 OK [http://localhost/courses]
  [4;35;1mSQL (1.0ms)[0m   [0mSET SQL_AUTO_IS_NULL=0[0m


Processing ApplicationController#index (for 127.0.0.1 at 2009-08-22 14:10:17) [GET]

ActionController::RoutingError (No route matches "/images/AOL.png" with {:method=>:get}):
  C:/Program Files/NetBeans 6.7.1/ruby2/jruby-1.2.0/lib/ruby/1.8/webrick/httpserver.rb:104:in `service'
  C:/Program Files/NetBeans 6.7.1/ruby2/jruby-1.2.0/lib/ruby/1.8/webrick/httpserver.rb:65:in `run'
  C:/Program Files/NetBeans 6.7.1/ruby2/jruby-1.2.0/lib/ruby/1.8/webrick/server.rb:173:in `start_thread'
  :1:in `start'

Rendering rescues/layout (not_found)
  [4;36;1mSQL (0.0ms)[0m   [0;1mSET SQL_AUTO_IS_NULL=0[0m


Processing UsersController#index (for 127.0.0.1 at 2009-08-22 14:10:18) [GET]
  [4;35;1mUser Load (1.0ms)[0m   [0mSELECT * FROM `users` [0m
Rendering template within layouts/users
Rendering users/index
Completed in 25ms (View: 17, DB: 1) | 200 OK [http://localhost/users]
  [4;36;1mSQL (1.0ms)[0m   [0;1mSET SQL_AUTO_IS_NULL=0[0m


Processing ApplicationController#index (for 127.0.0.1 at 2009-08-22 14:10:19) [GET]

ActionController::RoutingError (No route matches "/images/AOL.png" with {:method=>:get}):
  C:/Program Files/NetBeans 6.7.1/ruby2/jruby-1.2.0/lib/ruby/1.8/webrick/httpserver.rb:104:in `service'
  C:/Program Files/NetBeans 6.7.1/ruby2/jruby-1.2.0/lib/ruby/1.8/webrick/httpserver.rb:65:in `run'
  C:/Program Files/NetBeans 6.7.1/ruby2/jruby-1.2.0/lib/ruby/1.8/webrick/server.rb:173:in `start_thread'
  :1:in `start'

Rendering rescues/layout (not_found)
  [4;35;1mSQL (0.0ms)[0m   [0mSET SQL_AUTO_IS_NULL=0[0m


Processing CoursesController#index (for 127.0.0.1 at 2009-08-22 14:10:21) [GET]
  [4;36;1mCourse Load (1.0ms)[0m   [0;1mSELECT * FROM `courses` [0m
Rendering template within layouts/courses
Rendering courses/index
Completed in 34ms (View: 16, DB: 1) | 200 OK [http://localhost/courses]
  [4;35;1mSQL (0.0ms)[0m   [0mSET SQL_AUTO_IS_NULL=0[0m


Processing ApplicationController#index (for 127.0.0.1 at 2009-08-22 14:10:21) [GET]

ActionController::RoutingError (No route matches "/images/AOL.png" with {:method=>:get}):
  C:/Program Files/NetBeans 6.7.1/ruby2/jruby-1.2.0/lib/ruby/1.8/webrick/httpserver.rb:104:in `service'
  C:/Program Files/NetBeans 6.7.1/ruby2/jruby-1.2.0/lib/ruby/1.8/webrick/httpserver.rb:65:in `run'
  C:/Program Files/NetBeans 6.7.1/ruby2/jruby-1.2.0/lib/ruby/1.8/webrick/server.rb:173:in `start_thread'
  :1:in `start'

Rendering rescues/layout (not_found)
  [4;36;1mSQL (0.0ms)[0m   [0;1mSET SQL_AUTO_IS_NULL=0[0m


Processing UsersController#index (for 127.0.0.1 at 2009-08-22 14:10:22) [GET]
  [4;35;1mUser Load (1.0ms)[0m   [0mSELECT * FROM `users` [0m
Rendering template within layouts/users
Rendering users/index
Completed in 25ms (View: 18, DB: 1) | 200 OK [http://localhost/users]
  [4;36;1mSQL (0.0ms)[0m   [0;1mSET SQL_AUTO_IS_NULL=0[0m


Processing ApplicationController#index (for 127.0.0.1 at 2009-08-22 14:10:22) [GET]

ActionController::RoutingError (No route matches "/images/AOL.png" with {:method=>:get}):
  C:/Program Files/NetBeans 6.7.1/ruby2/jruby-1.2.0/lib/ruby/1.8/webrick/httpserver.rb:104:in `service'
  C:/Program Files/NetBeans 6.7.1/ruby2/jruby-1.2.0/lib/ruby/1.8/webrick/httpserver.rb:65:in `run'
  C:/Program Files/NetBeans 6.7.1/ruby2/jruby-1.2.0/lib/ruby/1.8/webrick/server.rb:173:in `start_thread'
  :1:in `start'

Rendering rescues/layout (not_found)
  [4;35;1mSQL (0.0ms)[0m   [0mSET SQL_AUTO_IS_NULL=0[0m


Processing CoursesController#index (for 127.0.0.1 at 2009-08-22 14:10:25) [GET]
  [4;36;1mCourse Load (1.0ms)[0m   [0;1mSELECT * FROM `courses` [0m
Rendering template within layouts/courses
Rendering courses/index
Completed in 32ms (View: 23, DB: 1) | 200 OK [http://localhost/courses]
  [4;35;1mSQL (0.0ms)[0m   [0mSET SQL_AUTO_IS_NULL=0[0m


Processing ApplicationController#index (for 127.0.0.1 at 2009-08-22 14:10:25) [GET]

ActionController::RoutingError (No route matches "/images/AOL.png" with {:method=>:get}):
  C:/Program Files/NetBeans 6.7.1/ruby2/jruby-1.2.0/lib/ruby/1.8/webrick/httpserver.rb:104:in `service'
  C:/Program Files/NetBeans 6.7.1/ruby2/jruby-1.2.0/lib/ruby/1.8/webrick/httpserver.rb:65:in `run'
  C:/Program Files/NetBeans 6.7.1/ruby2/jruby-1.2.0/lib/ruby/1.8/webrick/server.rb:173:in `start_thread'
  :1:in `start'

Rendering rescues/layout (not_found)
  [4;36;1mSQL (1.0ms)[0m   [0;1mSET SQL_AUTO_IS_NULL=0[0m


Processing MembersController#index (for 127.0.0.1 at 2009-08-22 14:10:26) [GET]
  [4;35;1mMember Load (1.0ms)[0m   [0mSELECT * FROM `members` [0m
Rendering template within layouts/members
Rendering members/index
Completed in 14ms (View: 7, DB: 2) | 200 OK [http://localhost/members]
  [4;36;1mSQL (1.0ms)[0m   [0;1mSET SQL_AUTO_IS_NULL=0[0m


Processing ApplicationController#index (for 127.0.0.1 at 2009-08-22 14:10:26) [GET]

ActionController::RoutingError (No route matches "/images/AOL.png" with {:method=>:get}):
  C:/Program Files/NetBeans 6.7.1/ruby2/jruby-1.2.0/lib/ruby/1.8/webrick/httpserver.rb:104:in `service'
  C:/Program Files/NetBeans 6.7.1/ruby2/jruby-1.2.0/lib/ruby/1.8/webrick/httpserver.rb:65:in `run'
  C:/Program Files/NetBeans 6.7.1/ruby2/jruby-1.2.0/lib/ruby/1.8/webrick/server.rb:173:in `start_thread'
  :1:in `start'

Rendering rescues/layout (not_found)
  [4;35;1mSQL (0.0ms)[0m   [0mSET SQL_AUTO_IS_NULL=0[0m


Processing CoursesController#index (for 127.0.0.1 at 2009-08-22 14:10:27) [GET]
  [4;36;1mCourse Load (1.0ms)[0m   [0;1mSELECT * FROM `courses` [0m
Rendering template within layouts/courses
Rendering courses/index
Completed in 25ms (View: 17, DB: 1) | 200 OK [http://localhost/courses]
  [4;35;1mSQL (0.0ms)[0m   [0mSET SQL_AUTO_IS_NULL=0[0m


Processing ApplicationController#index (for 127.0.0.1 at 2009-08-22 14:10:27) [GET]

ActionController::RoutingError (No route matches "/images/AOL.png" with {:method=>:get}):
  C:/Program Files/NetBeans 6.7.1/ruby2/jruby-1.2.0/lib/ruby/1.8/webrick/httpserver.rb:104:in `service'
  C:/Program Files/NetBeans 6.7.1/ruby2/jruby-1.2.0/lib/ruby/1.8/webrick/httpserver.rb:65:in `run'
  C:/Program Files/NetBeans 6.7.1/ruby2/jruby-1.2.0/lib/ruby/1.8/webrick/server.rb:173:in `start_thread'
  :1:in `start'

Rendering rescues/layout (not_found)
  [4;36;1mSQL (0.0ms)[0m   [0;1mSET SQL_AUTO_IS_NULL=0[0m


Processing MembersController#index (for 127.0.0.1 at 2009-08-22 14:10:28) [GET]
  [4;35;1mMember Load (0.0ms)[0m   [0mSELECT * FROM `members` [0m
Rendering template within layouts/members
Rendering members/index
Completed in 25ms (View: 10, DB: 0) | 200 OK [http://localhost/members]
  [4;36;1mSQL (0.0ms)[0m   [0;1mSET SQL_AUTO_IS_NULL=0[0m


Processing ApplicationController#index (for 127.0.0.1 at 2009-08-22 14:10:28) [GET]

ActionController::RoutingError (No route matches "/images/AOL.png" with {:method=>:get}):
  C:/Program Files/NetBeans 6.7.1/ruby2/jruby-1.2.0/lib/ruby/1.8/webrick/httpserver.rb:104:in `service'
  C:/Program Files/NetBeans 6.7.1/ruby2/jruby-1.2.0/lib/ruby/1.8/webrick/httpserver.rb:65:in `run'
  C:/Program Files/NetBeans 6.7.1/ruby2/jruby-1.2.0/lib/ruby/1.8/webrick/server.rb:173:in `start_thread'
  :1:in `start'

Rendering rescues/layout (not_found)
